sample.interval=20000
"lazyLoadDBfetch" "<Anonymous>" "lazyLoadDBfetch" "MARSS.marxss" "eval" "eval" "MARSS" 
"lazyLoadDBfetch" "<Anonymous>" "lazyLoadDBfetch" "MARSS.marxss" "eval" "eval" "MARSS" 
"lazyLoadDBfetch" "<Anonymous>" "lazyLoadDBfetch" "MARSS.marxss" "eval" "eval" "MARSS" 
"lazyLoadDBfetch" "<Anonymous>" "lazyLoadDBfetch" "MARSS.marxss" "eval" "eval" "MARSS" 
"lazyLoadDBfetch" "<Anonymous>" "lazyLoadDBfetch" "MARSS.marxss" "eval" "eval" "MARSS" 
".findInheritedMethods" ".findNextFromTable" "addNextMethod" "addNextMethod" "callNextMethod" "initialize" "initialize" "new" "Matrix::Matrix" "convert.model.mat" "MARSS.marxss" "eval" "eval" "MARSS" 
"get0" "getExportedValue" "::" "convert.model.mat" "MARSS.marxss" "eval" "eval" "MARSS" 
"[<-" "[<-" "[<-" "[<-" "convert.model.mat" "MARSS.marxss" "eval" "eval" "MARSS" 
"Matrix::Matrix" "convert.model.mat" "MARSS.marxss" "eval" "eval" "MARSS" 
"is" "callNextMethod" "loadMethod" "loadMethod" "initialize" "new" "is.na_nsp" "is.infinite" "is.infinite" "is.infinite" "FUN" "lapply" "unlist" "is.marssMODEL" "MARSS.marxss" "eval" "eval" "MARSS" 
".findInheritedMethods" "selectMethod" "as" "!" "!" "!" "!" "is.design" "is.marssMODEL_marxss" "eval" "eval" "is.marssMODEL" "MARSS.marxss" "eval" "eval" "MARSS" 
"[[" "extends" ".inheritedArgsExpression" ".findInheritedMethods" "<Anonymous>" "[<-" "is.design" "is.marssMODEL_marxss" "eval" "eval" "is.marssMODEL" "MARSS.marxss" "eval" "eval" "MARSS" 
"new" "==" "==" "is.design" "is.marssMODEL_marxss" "eval" "eval" "is.marssMODEL" "MARSS.marxss" "eval" "eval" "MARSS" 
"tryCatchOne" "tryCatchList" "tryCatch" "try" "validObject" ".nextMethod" "callNextMethod" ".local" "initialize" "initialize" "new" "asMethod" "as" "spV2M" "dim<-" "dim<-" "unvecM" "is.marssMODEL_marxss" "eval" "eval" "is.marssMODEL" "MARSS.marxss" "eval" "eval" "MARSS" 
"paste" "outerLabels" ".findInheritedMethods" "<Anonymous>" "[" "eval" "eval" "callGeneric" "[" "[" "fixed.free.to.formula" "is.marssMODEL_marxss" "eval" "eval" "is.marssMODEL" "MARSS.marxss" "eval" "eval" "MARSS" 
"is" ".findMethodInTable" ".quickCoerceSelect" "as" "standardGeneric" "drop" "subCsp_ij" "[" "[" "eval" "eval" "callGeneric" "[" "[" "fixed.free.to.formula" "is.marssMODEL_marxss" "eval" "eval" "is.marssMODEL" "MARSS.marxss" "eval" "eval" "MARSS" 
"fixed.free.to.formula" "is.marssMODEL_marxss" "eval" "eval" "is.marssMODEL" "MARSS.marxss" "eval" "eval" "MARSS" 
".getGeneric" "getGeneric" "as" "standardGeneric" "drop" "subCsp_ij" "[" "[" "eval" "eval" "callGeneric" "[" "[" "fixed.free.to.formula" "is.marssMODEL_marxss" "eval" "eval" "is.marssMODEL" "MARSS.marxss" "eval" "eval" "MARSS" 
"subCsp_ij" "[" "[" "eval" "eval" "callGeneric" "[" "[" "fixed.free.to.formula" "is.marssMODEL_marxss" "eval" "eval" "is.marssMODEL" "MARSS.marxss" "eval" "eval" "MARSS" 
"nargs" "callGeneric" "[" "[" "fixed.free.to.formula" "is.marssMODEL_marxss" "eval" "eval" "is.marssMODEL" "MARSS.marxss" "eval" "eval" "MARSS" 
".requirePackage" ".classEnv" "as" "standardGeneric" "drop" "subCsp_ij" "[" "[" "eval" "eval" "callGeneric" "[" "[" "fixed.free.to.formula" "is.marssMODEL_marxss" "eval" "eval" "is.marssMODEL" "MARSS.marxss" "eval" "eval" "MARSS" 
"is" ".findMethodInTable" ".quickCoerceSelect" "as" "standardGeneric" "drop" "subCsp_ij" "[" "[" "eval" "eval" "callGeneric" "[" "[" "fixed.free.to.formula" "is.marssMODEL_marxss" "eval" "eval" "is.marssMODEL" "MARSS.marxss" "eval" "eval" "MARSS" 
"[" "eval" "eval" "callGeneric" "[" "[" "fixed.free.to.formula" "is.marssMODEL_marxss" "eval" "eval" "is.marssMODEL" "MARSS.marxss" "eval" "eval" "MARSS" 
"attr" "packageSlot" ".classEnv" "as" "standardGeneric" "drop" "subCsp_ij" "[" "[" "eval" "eval" "callGeneric" "[" "[" "fixed.free.to.formula" "is.marssMODEL_marxss" "eval" "eval" "is.marssMODEL" "MARSS.marxss" "eval" "eval" "MARSS" 
"attr" "packageSlot" ".classEnv" "as" "standardGeneric" "drop" "subCsp_ij" "[" "[" "eval" "eval" "callGeneric" "[" "[" "fixed.free.to.formula" "is.marssMODEL_marxss" "eval" "eval" "is.marssMODEL" "MARSS.marxss" "eval" "eval" "MARSS" 
"attr" "packageSlot" ".classEnv" "as" "standardGeneric" "drop" "subCsp_ij" "[" "[" "eval" "eval" "callGeneric" "[" "[" "fixed.free.to.formula" "is.marssMODEL_marxss" "eval" "eval" "is.marssMODEL" "MARSS.marxss" "eval" "eval" "MARSS" 
"attr" "packageSlot" ".classEnv" "as" "standardGeneric" "drop" "subCsp_ij" "[" "[" "eval" "eval" "callGeneric" "[" "[" "fixed.free.to.formula" "is.marssMODEL_marxss" "eval" "eval" "is.marssMODEL" "MARSS.marxss" "eval" "eval" "MARSS" 
"existsInFrame" "<Anonymous>" "lazyLoadDBfetch" "MARSS.marxss" "eval" "eval" "MARSS" 
"is.list" "getClassDef" "is" ".findMethodInTable" ".quickCoerceSelect" "as" "validityMethod" "anyStrings" "validObject" ".nextMethod" "callNextMethod" ".local" "initialize" "initialize" "new" "asMethod" "as" "spV2M" "dim<-" "dim<-" "is.fixed" "is.marssMODEL_marss" "eval" "eval" "is.marssMODEL" "MARSS" 
"asMethod" "as" "as.matrix.Matrix" "as.matrix" "apply" "is.design" "is.marssMODEL_marss" "eval" "eval" "is.marssMODEL" "MARSS" 
"is" ".findMethodInTable" ".quickCoerceSelect" "as" "standardGeneric" "drop" "subCsp_ij" "[" "[" "eval" "eval" "callGeneric" "[" "[" "fixed.free.to.formula" "is.marssMODEL_marss" "eval" "eval" "is.marssMODEL" "MARSS" 
"intI" "subCsp_ij" "[" "[" "eval" "eval" "callGeneric" "[" "[" "fixed.free.to.formula" "is.marssMODEL_marss" "eval" "eval" "is.marssMODEL" "MARSS" 
"fixed.free.to.formula" "is.marssMODEL_marss" "eval" "eval" "is.marssMODEL" "MARSS" 
"as.name" "callGeneric" "[" "[" "fixed.free.to.formula" "is.marssMODEL_marss" "eval" "eval" "is.marssMODEL" "MARSS" 
"drop" "subCsp_ij" "[" "[" "eval" "eval" "callGeneric" "[" "[" "fixed.free.to.formula" "is.marssMODEL_marss" "eval" "eval" "is.marssMODEL" "MARSS" 
"paste" ".sigLabel" ".findMethodInTable" ".quickCoerceSelect" "as" "standardGeneric" "drop" "subCsp_ij" "[" "[" "eval" "eval" "callGeneric" "[" "[" "fixed.free.to.formula" "is.marssMODEL_marss" "eval" "eval" "is.marssMODEL" "MARSS" 
"drop" "standardGeneric" "drop" "subCsp_ij" "[" "[" "eval" "eval" "callGeneric" "[" "[" "fixed.free.to.formula" "is.marssMODEL_marss" "eval" "eval" "is.marssMODEL" "MARSS" 
"[" "[" "fixed.free.to.formula" "is.marssMODEL_marss" "eval" "eval" "is.marssMODEL" "MARSS" 
".quickCoerceSelect" "as" "standardGeneric" "drop" "subCsp_rows" "[" "[" "eval" "eval" "callGeneric" "[" "[" "fixed.free.to.formula" "is.marssMODEL_marss" "eval" "eval" "is.marssMODEL" "MARSS" 
"getGenericFromCall" "callGeneric" "[" "[" "fixed.free.to.formula" "is.marssMODEL_marss" "eval" "eval" "is.marssMODEL" "MARSS" 
"asMethod" "as" "standardGeneric" "drop" "subCsp_rows" "[" "[" "eval" "eval" "callGeneric" "[" "[" "fixed.free.to.formula" "is.marssMODEL_marss" "eval" "eval" "is.marssMODEL" "MARSS" 
"getClassDef" "getClass" "subCsp_ij" "[" "[" "eval" "eval" "callGeneric" "[" "[" "fixed.free.to.formula" "is.marssMODEL_marss" "eval" "eval" "is.marssMODEL" "MARSS" 
"apply" "MARSSinits" "MARSS" 
"FUN" "apply" "MARSSinits" "MARSS" 
"eval" "match.arg" "sort.int" "sort.default" "sort" ".getGroupMethods" ".findInheritedMethods" "<Anonymous>" "-" "MARSSinits" "MARSS" 
".getClassesFromCache" "getClassDef" "validObject" ".nextMethod" "callNextMethod" "initialize" "initialize" "new" "==" "==" "is.fixed" "is.marssMODEL_marss" "eval" "eval" "is.marssMODEL" "is.marssMLE" "MARSS" 
"eval" "eval" "callGeneric" "[" "[" "fixed.free.to.formula" "is.marssMODEL_marss" "eval" "eval" "is.marssMODEL" "is.marssMLE" "MARSS" 
"callGeneric" "[" "[" "fixed.free.to.formula" "is.marssMODEL_marss" "eval" "eval" "is.marssMODEL" "is.marssMLE" "MARSS" 
"as" "standardGeneric" "drop" "subCsp_rows" "[" "[" "eval" "eval" "callGeneric" "[" "[" "fixed.free.to.formula" "is.marssMODEL_marss" "eval" "eval" "is.marssMODEL" "is.marssMLE" "MARSS" 
"asMethod" "as" "standardGeneric" "drop" "subCsp_ij" "[" "[" "eval" "eval" "callGeneric" "[" "[" "fixed.free.to.formula" "is.marssMODEL_marss" "eval" "eval" "is.marssMODEL" "is.marssMLE" "MARSS" 
"subCsp_ij" "[" "[" "eval" "eval" "callGeneric" "[" "[" "fixed.free.to.formula" "is.marssMODEL_marss" "eval" "eval" "is.marssMODEL" "is.marssMLE" "MARSS" 
"as" "standardGeneric" "drop" "subCsp_ij" "[" "[" "eval" "eval" "callGeneric" "[" "[" "fixed.free.to.formula" "is.marssMODEL_marss" "eval" "eval" "is.marssMODEL" "is.marssMLE" "MARSS" 
".class1" "as" "standardGeneric" "drop" "subCsp_ij" "[" "[" "eval" "eval" "callGeneric" "[" "[" "fixed.free.to.formula" "is.marssMODEL_marss" "eval" "eval" "is.marssMODEL" "is.marssMLE" "MARSS" 
"subCsp_rows" "[" "[" "eval" "eval" "callGeneric" "[" "[" "fixed.free.to.formula" "is.marssMODEL_marss" "eval" "eval" "is.marssMODEL" "is.marssMLE" "MARSS" 
"paste" ".sigLabel" ".findMethodInTable" ".quickCoerceSelect" "as" "!" "!" "is.design" "is.marssMODEL_marxss" "eval" "eval" "is.marssMODEL" "is.marssMLE" "MARSS" 
".classEnv" "as" "standardGeneric" "drop" "subCsp_rows" "[" "[" "eval" "eval" "callGeneric" "[" "[" "fixed.free.to.formula" "is.marssMODEL_marxss" "eval" "eval" "is.marssMODEL" "is.marssMLE" "MARSS" 
"standardGeneric" "drop" "subCsp_rows" "[" "[" "eval" "eval" "callGeneric" "[" "[" "fixed.free.to.formula" "is.marssMODEL_marxss" "eval" "eval" "is.marssMODEL" "is.marssMLE" "MARSS" 
"fixed.free.to.formula" "is.marssMODEL_marxss" "eval" "eval" "is.marssMODEL" "is.marssMLE" "MARSS" 
"intI" "subCsp_rows" "[" "[" "eval" "eval" "callGeneric" "[" "[" "fixed.free.to.formula" "is.marssMODEL_marxss" "eval" "eval" "is.marssMODEL" "is.marssMLE" "MARSS" 
"getOption" "Matrix.msg" "[" "[" "fixed.free.to.formula" "is.marssMODEL_marxss" "eval" "eval" "is.marssMODEL" "is.marssMLE" "MARSS" 
"getNamespace" ".requirePackage" ".classEnv" "as" "standardGeneric" "drop" "subCsp_rows" "[" "[" "eval" "eval" "callGeneric" "[" "[" "fixed.free.to.formula" "is.marssMODEL_marxss" "eval" "eval" "is.marssMODEL" "is.marssMLE" "MARSS" 
".getGeneric" "getGeneric" "as" "standardGeneric" "drop" "subCsp_ij" "[" "[" "eval" "eval" "callGeneric" "[" "[" "fixed.free.to.formula" "is.marssMODEL_marxss" "eval" "eval" "is.marssMODEL" "is.marssMLE" "MARSS" 
"exists" ".getMethodsTable" "as" "standardGeneric" "drop" "subCsp_ij" "[" "[" "eval" "eval" "callGeneric" "[" "[" "fixed.free.to.formula" "is.marssMODEL_marxss" "eval" "eval" "is.marssMODEL" "is.marssMLE" "MARSS" 
"standardGeneric" "drop" "subCsp_rows" "[" "[" "eval" "eval" "callGeneric" "[" "[" "fixed.free.to.formula" "is.marssMODEL_marxss" "eval" "eval" "is.marssMODEL" "is.marssMLE" "MARSS" 
"tryCatchOne" "tryCatchList" "tryCatch" "try" "validObject" ".nextMethod" "callNextMethod" "initialize" "initialize" "new" "mat2dgT" "asMethod" "as" "kronecker" "kronecker" "kronecker" "kronecker" "kronecker" "vparmat" "parmat" "MARSSkfss" "doTryCatch" "tryCatchOne" "tryCatchList" "tryCatch" "try" "MARSS" 
"%*%" "as.vector" ".nextMethod" "callNextMethod" "initialize" "initialize" "new" "kronecker" "kronecker" "eval" "eval" "callGeneric" "kronecker" "kronecker" "kronecker" "kronecker" "kronecker" "kronecker" "vparmat" "parmat" "MARSSkfss" "doTryCatch" "tryCatchOne" "tryCatchList" "tryCatch" "try" "MARSS" 
"stopifnot" "Diagonal" "kronecker" "vparmat" "parmat" "takediag" "makediag" "MARSShatyt" "doTryCatch" "tryCatchOne" "tryCatchList" "tryCatch" "try" "MARSS" 
"lazyLoadDBfetch" "MARSS" 
"subCsp_rows" "[" "[" "eval" "eval" "callGeneric" "[" "[" "fixed.free.to.formula" "describe_marss" "MARSSkem" "MARSS" 
".getMethodsTable" "as" "standardGeneric" "drop" "subCsp_ij" "[" "[" "eval" "eval" "callGeneric" "[" "[" "fixed.free.to.formula" "describe_marss" "MARSSkem" "MARSS" 
"subCsp_rows" "[" "[" "eval" "eval" "callGeneric" "[" "[" "fixed.free.to.formula" "describe_marss" "MARSSkem" "MARSS" 
"FUN" "lapply" "sapply" "FUN" "apply" "describe_marss" "MARSSkem" "MARSS" 
"callGeneric" "[" "[" "fixed.free.to.formula" "describe_marss" "MARSSkem" "MARSS" 
"packageSlot" ".classEnv" "asMethod" "as" "standardGeneric" "drop" "subCsp_ij" "[" "[" "eval" "eval" "callGeneric" "[" "[" "fixed.free.to.formula" "describe_marss" "MARSSkem" "MARSS" 
"Matrix.msg" "[" "[" "fixed.free.to.formula" "describe_marss" "MARSSkem" "MARSS" 
"[" "[" "fixed.free.to.formula" "describe_marss" "MARSSkem" "MARSS" 
"lapply" "sapply" "matrix" "is.diagonal" "describe_marss" "MARSSkem" "MARSS" 
"lapply" "sapply" "matrix" "is.diagonal" "describe_marss" "MARSSkem" "MARSS" 
"lapply" "sapply" "matrix" "is.diagonal" "describe_marss" "MARSSkem" "MARSS" 
"lapply" "sapply" "matrix" "is.diagonal" "describe_marss" "MARSSkem" "MARSS" 
"lazyLoadDBfetch" "MARSSkem" "MARSS" 
"new" "kronecker" "kronecker" "eval" "eval" "callGeneric" "kronecker" "kronecker" "kronecker" "kronecker" "kronecker" "kronecker" "vparmat" "parmat" "MARSSkfss" "MARSSkemcheck" "MARSSkem" "MARSS" 
"is" ".findMethodInTable" ".quickCoerceSelect" "as" "isTRUE" "validityMethod" "anyStrings" "validObject" ".nextMethod" "callNextMethod" "initialize" "initialize" "new" "Diagonal" "kronecker" "vparmat" "parmat" "takediag" "makediag" "MARSShatyt" "MARSSkemcheck" "MARSSkem" "MARSS" 
"paste" "outerLabels" ".findInheritedMethods" "<Anonymous>" "[" "eval" "eval" "callGeneric" "[" "[" "zeroDiags" "MARSSkemcheck" "MARSSkem" "MARSS" 
"apply" "is.fixed" "zeroDiags" "MARSSkemcheck" "MARSSkem" "MARSS" 
"is" "callNextMethod" "loadMethod" "loadMethod" "initialize" "new" "==" "==" "apply" "is.fixed" "zeroDiags" "MARSSkemcheck" "MARSSkem" "MARSS" 
"possibleExtends" "validObject" ".nextMethod" "callNextMethod" "initialize" "initialize" "new" "==" "==" "apply" "is.fixed" "zeroDiags" "MARSSkemcheck" "MARSSkem" "MARSS" 
"list" "initialize" "initialize" "new" "is.na_nsp" "is.na" "is.na" "is.na" "is.fixed" "zeroDiags" "MARSSkemcheck" "MARSSkem" "MARSS" 
"callNextMethod" ".local" "initialize" "initialize" "new" "asMethod" "as" "standardGeneric" "which" ".TM.repl.i.mat" ".class1" "as" "[<-" "[<-" "MARSSkemcheck" "MARSSkem" "MARSS" 
".quickCoerceSelect" "as" "validityMethod" "anyStrings" "validObject" ".nextMethod" "callNextMethod" "initialize" "initialize" "new" "spV2M" "dim<-" "dim<-" "subFree2D" "MARSSkemcheck" "MARSSkem" "MARSS" 
"tryCatch" "try" "validObject" ".nextMethod" "callNextMethod" "initialize" "initialize" "new" ".diag2tT" "asMethod" "as" "kronecker" "kronecker" "kronecker" "vparmat" "parmat" "tcrossprod" "MARSSkem" "MARSS" 
"callNextMethod" "loadMethod" "loadMethod" "initialize" "new" "mat2dgT" "asMethod" "as" "kronecker" "kronecker" "kronecker" "kronecker" "kronecker" "vparmat" "parmat" "MARSSkfas" "MARSSkf" "MARSSkem" "MARSS" 
"extends" "non0.i" "non0ind" ".Arith.Csparse" "+" "+" "matrix" "vparmat" "parmat" "MARSSkfas" "MARSSkf" "MARSSkem" "MARSS" 
".Fortran" "KFS" "MARSSkfas" "MARSSkf" "MARSSkem" "MARSS" 
".identC" "possibleExtends" "validObject" ".nextMethod" "callNextMethod" "initialize" "initialize" "new" "newTMat" ".Arith.Csparse" "+" "+" "matrix" "vparmat" "parmat" "MARSShatyt" "MARSSkem" "MARSS" 
"initialize" "new" ".diag2tT" "asMethod" "as" "kronecker" "kronecker" "kronecker" "vparmat" "parmat" "MARSSkem" "MARSS" 
"anyStrings" "validObject" ".nextMethod" "callNextMethod" "initialize" "initialize" "new" "mat2dgT" "asMethod" "as" "kronecker" "kronecker" "kronecker" "kronecker" "kronecker" "vparmat" "parmat" "MARSSkem" "MARSS" 
".requirePackage" ".classEnv" "validObject" ".nextMethod" "callNextMethod" "initialize" "initialize" "new" "newTMat" ".Arith.Csparse" "+" "+" "matrix" "vparmat" "parmat" "MARSSkem" "MARSS" 
"getClassDef" "is" "callNextMethod" "initialize" "initialize" "new" ".diag2tT" "asMethod" "as" "kronecker" "kronecker" "kronecker" "vparmat" "parmat" "MARSSkem" "MARSS" 
"callNextMethod" "loadMethod" "loadMethod" "initialize" "new" "-" "-" "-" "eval" "eval" "callGeneric" "-" "-" "-" "eval" "eval" "callGeneric" "-" "-" "MARSSkem" "MARSS" 
".identC" "possibleExtends" "extends" "+" "+" "MARSSkem" "MARSS" 
"is" "validObject" ".nextMethod" "callNextMethod" "initialize" "initialize" "new" "+" "+" "MARSSkem" "MARSS" 
"paste" ".sigLabel" ".findMethodInTable" ".quickCoerceSelect" "as" ".class1" "as" "asMethod" "as" ".local" "chol" "standardGeneric" "chol" "chol2inv" "doTryCatch" "tryCatchOne" "tryCatchList" "tryCatch" "try" "MARSSkem" "MARSS" 
".requirePackage" ".classEnv" "as" "validityMethod" "anyStrings" "validObject" ".nextMethod" "callNextMethod" "initialize" "initialize" "new" ".diag2tT" "asMethod" "as" "kronecker" "kronecker" "kronecker" "vparmat" "parmat" "MARSSkfas" "MARSSkf" "MARSSkem" "MARSS" 
".Fortran" "KFS" "MARSSkfas" "MARSSkf" "MARSSkem" "MARSS" 
"is" "callNextMethod" "initialize" "initialize" "new" "Diagonal" "kronecker" "vparmat" "parmat" "MARSShatyt" "MARSSkem" "MARSS" 
"%in%" "extends" "non0.i" "non0ind" ".Arith.Csparse" "+" "+" "matrix" "vparmat" "parmat" "MARSSkem" "MARSS" 
"<Anonymous>" "initialize" "initialize" "new" ".diag2tT" "asMethod" "as" "kronecker" "kronecker" "kronecker" "vparmat" "parmat" "MARSSkem" "MARSS" 
"is" "callNextMethod" "initialize" "initialize" "new" ".sparseDiagonal" ".trDiagonal" ".class1" "as" "solve" "standardGeneric" "solve" "tcrossprod" "chol2inv" "chol2inv" "pcholinv" "MARSSkem" "MARSS" 
"environment" "exists" ".getMethodsTable" "as" "validityMethod" "anyStrings" "validObject" ".nextMethod" "callNextMethod" "initialize" "initialize" "new" "tT2gT" "asMethod" "as" "kronecker" "kronecker" "kronecker" "kronecker" "kronecker" "kronecker" "vparmat" "parmat" "MARSSkem" "MARSS" 
"callNextMethod" "loadMethod" "loadMethod" "initialize" "new" "+" "+" "MARSSkem" "MARSS" 
"stopifnot" "nz.NA" "nnzero" "nnzero" "+" "+" "MARSSkem" "MARSS" 
"slot<-" ".nextMethod" "callNextMethod" "initialize" "initialize" "new" ".diag2tT" "asMethod" "as" "kronecker" "kronecker" "kronecker" "vparmat" "parmat" "MARSSkfas" "MARSSkf" "MARSSkem" "MARSS" 
".identC" "is" "validObject" ".nextMethod" "callNextMethod" "initialize" "initialize" "new" ".diag2tT" "asMethod" "as" "kronecker" "kronecker" "kronecker" "vparmat" "parmat" "MARSSkfas" "MARSSkf" "MARSSkem" "MARSS" 
".Fortran" "KFS" "MARSSkfas" "MARSSkf" "MARSSkem" "MARSS" 
"getExportedValue" "::" "tcrossprod" "tcrossprod" "MARSShatyt" "MARSSkem" "MARSS" 
"allNames" ".nextMethod" "callNextMethod" "initialize" "initialize" "new" "Diagonal" "kronecker" "vparmat" "parmat" "MARSSkem" "MARSS" 
"validObject" ".nextMethod" "callNextMethod" "initialize" "initialize" "new" ".diag2tT" "asMethod" "as" "kronecker" "kronecker" "kronecker" "vparmat" "parmat" "MARSSkem" "MARSS" 
"callNextMethod" "loadMethod" "loadMethod" "initialize" "new" "mat2dgT" "asMethod" "as" "kronecker" "kronecker" "kronecker" "kronecker" "kronecker" "vparmat" "parmat" "MARSSkem" "MARSS" 
".getGeneric" "getGeneric" "as" "validityMethod" "anyStrings" "validObject" ".nextMethod" "callNextMethod" "initialize" "initialize" "new" "-" "-" "-" "eval" "eval" "callGeneric" "-" "-" "MARSSkem" "MARSS" 
"as" "validityMethod" "anyStrings" "validObject" ".nextMethod" "callNextMethod" "initialize" "initialize" "new" "-" "-" "-" "eval" "eval" "callGeneric" "-" "-" "MARSSkem" "MARSS" 
"exists" ".getMethodsTable" "as" "asMethod" "as" "+" "+" "MARSSkem" "MARSS" 
"slot<-" ".nextMethod" "callNextMethod" "initialize" "initialize" "new" "tT2gT" "asMethod" "as" "kronecker" "kronecker" "kronecker" "kronecker" "kronecker" "kronecker" "vparmat" "parmat" "MARSSkfas" "MARSSkf" "MARSSkem" "MARSS" 
"is" ".findMethodInTable" ".quickCoerceSelect" "as" "validityMethod" "anyStrings" "validObject" ".nextMethod" "callNextMethod" "initialize" "initialize" "new" "kronecker" "kronecker" "eval" "eval" "callGeneric" "kronecker" "kronecker" "kronecker" "kronecker" "kronecker" "kronecker" "vparmat" "parmat" "MARSSkfas" "MARSSkf" "MARSSkem" "MARSS" 
".Fortran" "KFS" "MARSSkfas" "MARSSkf" "MARSSkem" "MARSS" 
"as.function" "body<-" "body<-" ".selectSuperClasses" ".Call" "%*%" "%*%" "%*%" "%*%" "%*%" "%*%" "matrix" "vparmat" "parmat" "MARSSkem" "MARSS" 
"getClassDef" "validObject" ".nextMethod" "callNextMethod" "initialize" "initialize" "new" "tT2gT" "asMethod" "as" "kronecker" "kronecker" "kronecker" "kronecker" "kronecker" "kronecker" "vparmat" "parmat" "MARSSkem" "MARSS" 
"is" "callNextMethod" "loadMethod" "loadMethod" "initialize" "new" "is.na_nsp" "is.na" "is.na" "is.na" "is.fixed" "degen.test" "MARSSkem" "MARSS" 
"sys.parent" "callNextMethod" "initialize" "initialize" "new" "Diagonal" "kronecker" "vparmat" "parmat" "MARSSkem" "MARSS" 
".quickCoerceSelect" "as" "+" "+" "MARSSkem" "MARSS" 
"assign" "callNextMethod" "loadMethod" "loadMethod" "initialize" "new" "+" "+" "+" "eval" "eval" "callGeneric" "+" "+" "+" "eval" "eval" "callGeneric" "+" "+" "MARSSkem" "MARSS" 
"tryCatchOne" "tryCatchList" "tryCatch" "try" "validObject" ".nextMethod" "callNextMethod" "initialize" "initialize" "new" "tT2gT" "asMethod" "as" "kronecker" "kronecker" "kronecker" "kronecker" "kronecker" "kronecker" "vparmat" "parmat" "MARSSkem" "MARSS" 
"validObject" ".nextMethod" "callNextMethod" "initialize" "initialize" "new" "newTMat" ".Arith.Csparse" "+" "+" "matrix" "vparmat" "parmat" "MARSSkfas" "MARSSkf" "MARSSkem" "MARSS" 
".Fortran" "KFS" "MARSSkfas" "MARSSkf" "MARSSkem" "MARSS" 
"@<-" "initialize" "initialize" "new" "gT2tT" "kronecker" "kronecker" "kronecker" "kronecker" "kronecker" "kronecker" "vparmat" "parmat" "MARSShatyt" "MARSSkem" "MARSS" 
"is" "callNextMethod" "loadMethod" "loadMethod" "initialize" "new" "kronecker" "kronecker" "eval" "eval" "callGeneric" "kronecker" "kronecker" "kronecker" "kronecker" "kronecker" "kronecker" "vparmat" "parmat" "MARSSkem" "MARSS" 
"@<-" "is.na_nsp" "is.na" "is.na" "is.na" "is.fixed" "degen.test" "MARSSkem" "MARSS" 
"lapply" "callGeneric" "kronecker" "kronecker" "kronecker" "kronecker" "kronecker" "kronecker" "vparmat" "parmat" "MARSSkem" "MARSS" 
"is.matrix" "is.matrix" ".M.kind" "asMethod" "as" "spV2M" "dim<-" "dim<-" "subFree2D" "MARSSkem" "MARSS" 
".sigLabel" ".findMethodInTable" ".quickCoerceSelect" "as" "validityMethod" "anyStrings" "validObject" ".nextMethod" "callNextMethod" "initialize" "initialize" "new" "+" "+" "+" "eval" "eval" "callGeneric" "+" "+" "MARSSkem" "MARSS" 
"%in%" ".getGeneric" "getGeneric" "as" "eval" "eval" "callGeneric" "+" "+" "MARSSkem" "MARSS" 
"@<-" "t" "standardGeneric" "t" "kronecker" "vparmat" "parmat" "MARSSkfas" "MARSSkf" "MARSSkem" "MARSS" 
"anyDuplicated" ".nextMethod" "callNextMethod" "initialize" "initialize" "new" "tT2gT" "asMethod" "as" "kronecker" "kronecker" "kronecker" "kronecker" "kronecker" "kronecker" "vparmat" "parmat" "MARSSkfas" "MARSSkf" "MARSSkem" "MARSS" 
".Fortran" "KFS" "MARSSkfas" "MARSSkf" "MARSSkem" "MARSS" 
"MARSShatyt" "MARSSkem" "MARSS" 
"is" "extends" "non0ind" ".Arith.Csparse" "+" "+" "matrix" "vparmat" "parmat" "MARSSkem" "MARSS" 
".findMethodInTable" ".quickCoerceSelect" "as" "asMethod" "as" "kronecker" "kronecker" "kronecker" "kronecker" "kronecker" "vparmat" "parmat" "MARSSkem" "MARSS" 
"is" "validObject" ".nextMethod" "callNextMethod" "initialize" "initialize" "new" "kronecker" "kronecker" "eval" "eval" "callGeneric" "kronecker" "kronecker" "kronecker" "kronecker" "kronecker" "kronecker" "vparmat" "parmat" "MARSSkem" "MARSS" 
"getClassDef" "is" ".findMethodInTable" ".quickCoerceSelect" "as" "validityMethod" "anyStrings" "validObject" ".nextMethod" "callNextMethod" "initialize" "initialize" "new" "+" "+" "+" "eval" "eval" "callGeneric" "+" "+" "MARSSkem" "MARSS" 
".getGeneric" "getGeneric" "as" "validityMethod" "anyStrings" "validObject" ".nextMethod" "callNextMethod" "initialize" "initialize" "new" "+" "+" "+" "eval" "eval" "callGeneric" "+" "+" "MARSSkem" "MARSS" 
"dim" "dim" "vparmat" "parmat" "MARSSkem" "MARSS" 
"is" "callNextMethod" "initialize" "initialize" "new" "gT2tT" "kronecker" "kronecker" "kronecker" "kronecker" "kronecker" "kronecker" "vparmat" "parmat" "MARSSkfas" "MARSSkf" "MARSSkem" "MARSS" 
".Fortran" "KFS" "MARSSkfas" "MARSSkf" "MARSSkem" "MARSS" 
"match.call" "callNextMethod" "loadMethod" "loadMethod" "initialize" "new" "newTMat" ".Arith.Csparse" "+" "+" "matrix" "vparmat" "parmat" "MARSShatyt" "MARSSkem" "MARSS" 
"parent.frame" "callNextMethod" "loadMethod" "loadMethod" "initialize" "new" "Diagonal" "kronecker" "vparmat" "parmat" "MARSSkem" "MARSS" 
"try" "validObject" ".nextMethod" "callNextMethod" "initialize" "initialize" "new" "tT2gT" "asMethod" "as" "kronecker" "kronecker" "kronecker" "kronecker" "kronecker" "kronecker" "vparmat" "parmat" "MARSSkem" "MARSS" 
"initialize" "new" "Diagonal" "kronecker" "vparmat" "parmat" "MARSSkem" "MARSS" 
".nextMethod" "callNextMethod" "initialize" "initialize" "new" "tT2gT" "asMethod" "as" "kronecker" "kronecker" "kronecker" "kronecker" "kronecker" "kronecker" "vparmat" "parmat" "MARSSkem" "MARSS" 
"callNextMethod" "initialize" "initialize" "new" "+" "+" "MARSSkem" "MARSS" 
".nextMethod" "callNextMethod" "initialize" "initialize" "new" "+" "+" "+" "eval" "eval" "callGeneric" "+" "+" "MARSSkem" "MARSS" 
"validObject" ".nextMethod" "callNextMethod" "initialize" "initialize" "new" "kronecker" "kronecker" "eval" "eval" "callGeneric" "kronecker" "kronecker" "kronecker" "kronecker" "kronecker" "kronecker" "vparmat" "parmat" "MARSSkfas" "MARSSkf" "MARSSkem" "MARSS" 
"is" "validObject" ".nextMethod" "callNextMethod" "initialize" "initialize" "new" ".diag2tT" "asMethod" "as" "kronecker" "kronecker" "kronecker" "vparmat" "parmat" "MARSSkfas" "MARSSkf" "MARSSkem" "MARSS" 
".Fortran" "KFS" "MARSSkfas" "MARSSkf" "MARSSkem" "MARSS" 
"loadMethod" "initialize" "new" "mat2dgT" "asMethod" "as" "kronecker" "kronecker" "kronecker" "kronecker" "kronecker" "vparmat" "parmat" "MARSSkem" "MARSS" 
"as" "validityMethod" "anyStrings" "validObject" ".nextMethod" "callNextMethod" "initialize" "initialize" "new" "kronecker" "kronecker" "eval" "eval" "callGeneric" "kronecker" "kronecker" "kronecker" "kronecker" "kronecker" "kronecker" "vparmat" "parmat" "MARSSkem" "MARSS" 
"validObject" ".nextMethod" "callNextMethod" "initialize" "initialize" "new" "==" "==" "is.fixed" "degen.test" "MARSSkem" "MARSS" 
".requirePackage" ".classEnv" "validObject" ".nextMethod" "callNextMethod" "initialize" "initialize" "new" "newTMat" ".Arith.Csparse" "+" "+" "matrix" "vparmat" "parmat" "MARSSkem" "MARSS" 
"getClassDef" "is" ".findMethodInTable" ".quickCoerceSelect" "as" "validityMethod" "anyStrings" "validObject" ".nextMethod" "callNextMethod" "initialize" "initialize" "new" "-" "-" "-" "eval" "eval" "callGeneric" "-" "-" "MARSSkem" "MARSS" 
".getClassesFromCache" "getClassDef" "getClass" "new" "+" "+" "MARSSkem" "MARSS" 
".getGeneric" "getGeneric" "as" "isTRUE" "validityMethod" "anyStrings" "validObject" ".nextMethod" "callNextMethod" "initialize" "initialize" "new" "newTMat" ".Arith.Csparse" "+" "+" "matrix" "vparmat" "parmat" "MARSSkem" "MARSS" 
".getClassesFromCache" "getClassDef" "validObject" ".nextMethod" "callNextMethod" "initialize" "initialize" "new" "mat2dgT" "asMethod" "as" "kronecker" "kronecker" "kronecker" "kronecker" "kronecker" "vparmat" "parmat" "MARSSkfas" "MARSSkf" "MARSSkem" "MARSS" 
".Fortran" "KFS" "MARSSkfas" "MARSSkf" "MARSSkem" "MARSS" 
"%*%" "%*%" "matrix" "vparmat" "parmat" "MARSShatyt" "MARSSkem" "MARSS" 
"is" ".T.2.C" "%*%" "%*%" "%*%" "matrix" "vparmat" "parmat" "MARSSkem" "MARSS" 
"anyDuplicated" ".nextMethod" "callNextMethod" "initialize" "initialize" "new" "+" "+" "MARSSkem" "MARSS" 
"+" "matrix" "vparmat" "parmat" "MARSSkem" "MARSS" 
".getClassesFromCache" "getClassDef" "validObject" ".nextMethod" "callNextMethod" "initialize" "initialize" "new" "Matrix" "eval" "eval" "callGeneric" "-" "-" "MARSSkem" "MARSS" 
"MARSSkem" "MARSS" 
"is" "validObject" ".nextMethod" "callNextMethod" "initialize" "initialize" "new" "+" "+" "+" "eval" "eval" "callGeneric" "+" "+" "MARSSkem" "MARSS" 
"is" "validObject" ".nextMethod" "callNextMethod" "initialize" "initialize" "new" "mat2dgT" "asMethod" "as" "kronecker" "kronecker" "kronecker" "kronecker" "kronecker" "vparmat" "parmat" "MARSSkfas" "MARSSkf" "MARSSkem" "MARSS" 
"dim" "dim" "vparmat" "parmat" "MARSSkfas" "MARSSkf" "MARSSkem" "MARSS" 
"is" "callNextMethod" "loadMethod" "loadMethod" "initialize" "new" "kronecker" "kronecker" "eval" "eval" "callGeneric" "kronecker" "kronecker" "kronecker" "kronecker" "kronecker" "kronecker" "vparmat" "parmat" "takediag" "makediag" "MARSShatyt" "MARSSkem" "MARSS" 
"tryCatch" "try" "validObject" ".nextMethod" "callNextMethod" "initialize" "initialize" "new" "tT2gT" "asMethod" "as" "kronecker" "kronecker" "kronecker" "kronecker" "kronecker" "kronecker" "vparmat" "parmat" "MARSSkem" "MARSS" 
"as" "isTRUE" "validityMethod" "anyStrings" "validObject" ".nextMethod" "callNextMethod" "initialize" "initialize" "new" ".diag2tT" "asMethod" "as" "kronecker" "kronecker" "kronecker" "vparmat" "parmat" "MARSSkem" "MARSS" 
"base::tcrossprod" "tcrossprod" "tcrossprod" "MARSSkem" "MARSS" 
"[" "subFree2D" "MARSSkem" "MARSS" 
"possibleExtends" "extends" "nnzero" "nnzero" "+" "+" "MARSSkem" "MARSS" 
"getClassDef" "is" "callNextMethod" "initialize" "initialize" "new" "+" "+" "MARSSkem" "MARSS" 
"tryCatch" "try" "validObject" ".nextMethod" "callNextMethod" "initialize" "initialize" "new" "tT2gT" "asMethod" "as" "kronecker" "kronecker" "kronecker" "kronecker" "kronecker" "kronecker" "vparmat" "parmat" "MARSSkfas" "MARSSkf" "MARSSkem" "MARSS" 
"names" "%in%" "extends" "non0.i" "non0ind" ".Arith.Csparse" "+" "+" "matrix" "vparmat" "parmat" "MARSSkfas" "MARSSkf" "MARSSkem" "MARSS" 
".Fortran" "KFS" "MARSSkfas" "MARSSkf" "MARSSkem" "MARSS" 
"character" "anyStrings" "validObject" ".nextMethod" "callNextMethod" "initialize" "initialize" "new" "tT2gT" "asMethod" "as" "kronecker" "kronecker" "kronecker" "kronecker" "kronecker" "kronecker" "vparmat" "parmat" "MARSShatyt" "MARSSkem" "MARSS" 
"is" "validObject" ".nextMethod" "callNextMethod" "initialize" "initialize" "new" "gT2tT" "kronecker" "kronecker" "kronecker" "kronecker" "kronecker" "kronecker" "vparmat" "parmat" "MARSSkem" "MARSS" 
".fixupDimnames" "initialize" "initialize" "new" "+" "+" "MARSSkem" "MARSS" 
"tryCatchOne" "tryCatchList" "tryCatch" "try" "validObject" ".nextMethod" "callNextMethod" "initialize" "initialize" "new" "tT2gT" "asMethod" "as" "kronecker" "kronecker" "kronecker" "kronecker" "kronecker" "kronecker" "vparmat" "parmat" "MARSSkem" "MARSS" 
"callNextMethod" "loadMethod" "loadMethod" "initialize" "new" "+" "+" "+" "eval" "eval" "callGeneric" "+" "+" "MARSSkem" "MARSS" 
"getClassDef" ".dense2C" "asMethod" "as" "asMethod" "as" "+" "+" "MARSSkem" "MARSS" 
"fromNextMethod" "callGeneric" ".nextMethod" "callNextMethod" "initialize" "initialize" "new" "+" "+" "+" "eval" "eval" "callGeneric" "+" "+" "MARSSkem" "MARSS" 
".Call" "%*%" "%*%" "%*%" "%*%" "%*%" "%*%" "matrix" "vparmat" "parmat" "MARSSkfas" "MARSSkf" "MARSSkem" "MARSS" 
"MARSSkfas" "MARSSkf" "MARSSkem" "MARSS" 
"is" ".findMethodInTable" ".quickCoerceSelect" "as" "validityMethod" "anyStrings" "validObject" ".nextMethod" "callNextMethod" "initialize" "initialize" "new" "tT2gT" "asMethod" "as" "kronecker" "kronecker" "kronecker" "kronecker" "kronecker" "kronecker" "vparmat" "parmat" "takediag" "makediag" "MARSShatyt" "MARSSkem" "MARSS" 
".identC" ".nextMethod" "callNextMethod" "initialize" "initialize" "new" ".diag2tT" "asMethod" "as" "kronecker" "kronecker" "kronecker" "vparmat" "parmat" "MARSSkem" "MARSS" 
".Call" "%*%" "%*%" "%*%" "%*%" "%*%" "%*%" "matrix" "vparmat" "parmat" "MARSSkem" "MARSS" 
".quickCoerceSelect" "as" "validityMethod" "anyStrings" "validObject" ".nextMethod" "callNextMethod" "initialize" "initialize" "new" "+" "+" "MARSSkem" "MARSS" 
"anyStrings" "validObject" ".nextMethod" "callNextMethod" "initialize" "initialize" "new" "spV2M" "dim<-" "dim<-" "subFree2D" "MARSSkem" "MARSS" 
"is" ".findMethodInTable" ".quickCoerceSelect" "as" "isTRUE" "validityMethod" "anyStrings" "validObject" ".nextMethod" "callNextMethod" "initialize" "initialize" "new" "+" "+" "MARSSkem" "MARSS" 
"extends" "+" "+" "MARSSkem" "MARSS" 
"as" "validityMethod" "anyStrings" "validObject" ".nextMethod" "callNextMethod" "initialize" "initialize" "new" "kronecker" "kronecker" "eval" "eval" "callGeneric" "kronecker" "kronecker" "kronecker" "kronecker" "kronecker" "kronecker" "vparmat" "parmat" "MARSSkfas" "MARSSkf" "MARSSkem" "MARSS" 
"kronecker" "kronecker" "kronecker" "kronecker" "kronecker" "vparmat" "parmat" "MARSSkfas" "MARSSkf" "MARSSkem" "MARSS" 
".Fortran" "KFS" "MARSSkfas" "MARSSkf" "MARSSkem" "MARSS" 
"validObject" ".nextMethod" "callNextMethod" "initialize" "initialize" "new" "kronecker" "kronecker" "eval" "eval" "callGeneric" "kronecker" "kronecker" "kronecker" "kronecker" "kronecker" "kronecker" "vparmat" "parmat" "MARSShatyt" "MARSSkem" "MARSS" 
"as" "validityMethod" "anyStrings" "validObject" ".nextMethod" "callNextMethod" "initialize" "initialize" "new" ".diag2tT" "asMethod" "as" "kronecker" "kronecker" "kronecker" "vparmat" "parmat" "MARSSkem" "MARSS" 
"getClass" ".nextMethod" "callNextMethod" "initialize" "initialize" "new" "newTMat" ".Arith.Csparse" "+" "+" "matrix" "vparmat" "parmat" "MARSSkem" "MARSS" 
"slot" "doTryCatch" "tryCatchOne" "tryCatchList" "tryCatch" "try" "validObject" ".nextMethod" "callNextMethod" "initialize" "initialize" "new" "+" "+" "MARSSkem" "MARSS" 
"validObject" ".nextMethod" "callNextMethod" "initialize" "initialize" "new" "+" "+" "+" "eval" "eval" "callGeneric" "+" "+" "+" "eval" "eval" "callGeneric" "+" "+" "MARSSkem" "MARSS" 
".getClassesFromCache" "getClassDef" "validObject" ".nextMethod" "callNextMethod" "initialize" "initialize" "new" "Matrix" "eval" "eval" "callGeneric" "+" "+" "MARSSkem" "MARSS" 
"getNamespace" ".requirePackage" ".classEnv" "as" "validityMethod" "anyStrings" "validObject" ".nextMethod" "callNextMethod" "initialize" "initialize" "new" "+" "+" "MARSSkem" "MARSS" 
"validObject" ".nextMethod" "callNextMethod" "initialize" "initialize" "new" "mat2dgT" "asMethod" "as" "kronecker" "kronecker" "kronecker" "kronecker" "kronecker" "vparmat" "parmat" "MARSSkfas" "MARSSkf" "MARSSkem" "MARSS" 
"anyStrings" "validObject" ".nextMethod" "callNextMethod" "initialize" "initialize" "new" "tT2gT" "asMethod" "as" "kronecker" "kronecker" "kronecker" "kronecker" "kronecker" "kronecker" "vparmat" "parmat" "MARSSkfas" "MARSSkf" "MARSSkem" "MARSS" 
".Fortran" "KFS" "MARSSkfas" "MARSSkf" "MARSSkem" "MARSS" 
".getGeneric" "getGeneric" "as" "validityMethod" "anyStrings" "validObject" ".nextMethod" "callNextMethod" "initialize" "initialize" "new" ".diag2tT" "asMethod" "as" "kronecker" "kronecker" "kronecker" "vparmat" "parmat" "MARSShatyt" "MARSSkem" "MARSS" 
"paste" ".sigLabel" ".findMethodInTable" ".quickCoerceSelect" "as" "asMethod" "as" "kronecker" "kronecker" "kronecker" "kronecker" "kronecker" "vparmat" "parmat" "MARSSkem" "MARSS" 
".getClassesFromCache" "getClassDef" "is" ".findMethodInTable" ".quickCoerceSelect" "as" "validityMethod" "anyStrings" "validObject" ".nextMethod" "callNextMethod" "initialize" "initialize" "new" "+" "+" "MARSSkem" "MARSS" 
"possibleExtends" "validObject" ".nextMethod" "callNextMethod" "initialize" "initialize" "new" "Diagonal" "kronecker" "vparmat" "parmat" "MARSSkem" "MARSS" 
"callNextMethod" "loadMethod" "loadMethod" "initialize" "new" "+" "+" "+" "eval" "eval" "callGeneric" "+" "+" "MARSSkem" "MARSS" 
"is" "Matrix" "eval" "eval" "callGeneric" "+" "+" "MARSSkem" "MARSS" 
"is" "validObject" ".nextMethod" "callNextMethod" "initialize" "initialize" "new" "+" "+" "+" "eval" "eval" "callGeneric" "+" "+" "+" "eval" "eval" "callGeneric" "+" "+" "MARSSkem" "MARSS" 
".findMethodInTable" ".quickCoerceSelect" "as" "isTRUE" "validityMethod" "anyStrings" "validObject" ".nextMethod" "callNextMethod" "initialize" "initialize" "new" "Diagonal" "kronecker" "vparmat" "parmat" "MARSSkfas" "MARSSkf" "MARSSkem" "MARSS" 
"parse" "eval" "reformulate" "drop.terms" "formula" "SSModel" "MARSSkfas" "MARSSkf" "MARSSkem" "MARSS" 
".getClassesFromCache" "getClassDef" "getClass" ".nextMethod" "callNextMethod" "initialize" "initialize" "new" "kronecker" "kronecker" "eval" "eval" "callGeneric" "kronecker" "kronecker" "kronecker" "kronecker" "kronecker" "kronecker" "vparmat" "parmat" "takediag" "makediag" "MARSShatyt" "MARSSkem" "MARSS" 
"anyDuplicated" ".nextMethod" "callNextMethod" "initialize" "initialize" "new" "tT2gT" "asMethod" "as" "kronecker" "kronecker" "kronecker" "kronecker" "kronecker" "kronecker" "vparmat" "parmat" "MARSSkem" "MARSS" 
"validObject" ".nextMethod" "callNextMethod" "initialize" "initialize" "new" "newTMat" ".Arith.Csparse" "+" "+" "matrix" "vparmat" "parmat" "MARSSkem" "MARSS" 
"asNamespace" "getExportedValue" "::" "tcrossprod" "tcrossprod" "MARSSkem" "MARSS" 
".getClassesFromCache" "getClassDef" "validObject" ".nextMethod" "callNextMethod" "initialize" "initialize" "new" "spV2M" "dim<-" "dim<-" "subFree2D" "MARSSkem" "MARSS" 
"is" "Matrix" "eval" "eval" "callGeneric" "-" "-" "MARSSkem" "MARSS" 
".getGeneric" "getGeneric" "as" "+" "+" "MARSSkem" "MARSS" 
"validObject" ".nextMethod" "callNextMethod" "initialize" "initialize" "new" "newTMat" ".Arith.Csparse" "+" "+" "matrix" "vparmat" "parmat" "MARSSkfas" "MARSSkf" "MARSSkem" "MARSS" 
"rev.default" "rev" "validObject" ".nextMethod" "callNextMethod" "initialize" "initialize" "new" ".diag2tT" "asMethod" "as" "kronecker" "kronecker" "kronecker" "vparmat" "parmat" "MARSSkfas" "MARSSkf" "MARSSkem" "MARSS" 
".Fortran" "KFS" "MARSSkfas" "MARSSkf" "MARSSkem" "MARSS" 
"kronecker" "vparmat" "parmat" "MARSShatyt" "MARSSkem" "MARSS" 
"getClassDef" "is" "validObject" ".nextMethod" "callNextMethod" "initialize" "initialize" "new" "kronecker" "kronecker" "eval" "eval" "callGeneric" "kronecker" "kronecker" "kronecker" "kronecker" "kronecker" "kronecker" "vparmat" "parmat" "MARSSkem" "MARSS" 
".getMethodsTable" "as" "validityMethod" "anyStrings" "validObject" ".nextMethod" "callNextMethod" "initialize" "initialize" "new" "+" "+" "MARSSkem" "MARSS" 
"validObject" ".nextMethod" "callNextMethod" "initialize" "initialize" "new" "newTMat" ".Arith.Csparse" "+" "+" "matrix" "vparmat" "parmat" "MARSSkem" "MARSS" 
"new" "asMethod" "as" "spV2M" "dim<-" "dim<-" "subFree2D" "MARSSkem" "MARSS" 
"MARSSkem" "MARSS" 
"validObject" ".nextMethod" "callNextMethod" "initialize" "initialize" "new" "-" "-" "-" "eval" "eval" "callGeneric" "-" "-" "MARSSkem" "MARSS" 
"match.call" "callNextMethod" "loadMethod" "loadMethod" "initialize" "new" "Diagonal" "kronecker" "vparmat" "parmat" "MARSSkfas" "MARSSkf" "MARSSkem" "MARSS" 
"initialize" "initialize" "new" ".diag2tT" "asMethod" "as" "kronecker" "kronecker" "kronecker" "vparmat" "parmat" "MARSSkfas" "MARSSkf" "MARSSkem" "MARSS" 
"gzfile" "readRDS" "packageDescription" "withCallingHandlers" "suppressWarnings" "packageVersion" "MARSSkfas" "MARSSkf" "MARSSkem" "MARSS" 
".classEnv" "asMethod" "as" "asMethod" "as" "kronecker" "kronecker" "kronecker" "kronecker" "kronecker" "vparmat" "parmat" "MARSSkem" "MARSS" 
"callNextMethod" "initialize" "initialize" "new" "kronecker" "kronecker" "eval" "eval" "callGeneric" "kronecker" "kronecker" "kronecker" "kronecker" "kronecker" "kronecker" "vparmat" "parmat" "MARSSkem" "MARSS" 
"validObject" ".nextMethod" "callNextMethod" "initialize" "initialize" "new" "kronecker" "kronecker" "eval" "eval" "callGeneric" "kronecker" "kronecker" "kronecker" "kronecker" "kronecker" "kronecker" "vparmat" "parmat" "MARSSkem" "MARSS" 
"match.call" "callNextMethod" "initialize" "initialize" "new" "kronecker" "kronecker" "eval" "eval" "callGeneric" "kronecker" "kronecker" "kronecker" "kronecker" "kronecker" "kronecker" "vparmat" "parmat" "MARSSkem" "MARSS" 
".dense2C" "asMethod" "as" "asMethod" "as" "+" "+" "MARSSkem" "MARSS" 
"length" "is" "validObject" ".nextMethod" "callNextMethod" "initialize" "initialize" "new" "+" "+" "MARSSkem" "MARSS" 
"chol2inv" "chol2inv" "doTryCatch" "tryCatchOne" "tryCatchList" "tryCatch" "try" "MARSSkem" "MARSS" 
"is" "validObject" ".nextMethod" "callNextMethod" "initialize" "initialize" "new" "Diagonal" "kronecker" "vparmat" "parmat" "MARSSkfas" "MARSSkf" "MARSSkem" "MARSS" 
".Fortran" "KFS" "MARSSkfas" "MARSSkf" "MARSSkem" "MARSS" 
"is" "validObject" ".nextMethod" "callNextMethod" "initialize" "initialize" "new" "Diagonal" "kronecker" "vparmat" "parmat" "MARSShatyt" "MARSSkem" "MARSS" 
"initialize" "initialize" "new" "mat2dgT" "asMethod" "as" "kronecker" "kronecker" "kronecker" "kronecker" "kronecker" "vparmat" "parmat" "MARSSkem" "MARSS" 
"getClassDef" "is" "validObject" ".nextMethod" "callNextMethod" "initialize" "initialize" "new" "spV2M" "dim<-" "dim<-" "subFree2D" "MARSSkem" "MARSS" 
"getClassDef" "is" "validObject" ".nextMethod" "callNextMethod" "initialize" "initialize" "new" ".diag2tT" "asMethod" "as" "kronecker" "kronecker" "kronecker" "vparmat" "parmat" "MARSSkem" "MARSS" 
"validObject" ".nextMethod" "callNextMethod" "initialize" "initialize" "new" "newTMat" ".Arith.Csparse" "+" "+" "matrix" "vparmat" "parmat" "MARSSkem" "MARSS" 
"get" ".getMethodsTable" "as" "eval" "eval" "callGeneric" "-" "-" "MARSSkem" "MARSS" 
".identC" "is" "validObject" ".nextMethod" "callNextMethod" "initialize" "initialize" "new" "Matrix" "eval" "eval" "callGeneric" "+" "+" "MARSSkem" "MARSS" 
"paste" ".sigLabel" ".findMethodInTable" ".quickCoerceSelect" "as" "validityMethod" "anyStrings" "validObject" ".nextMethod" "callNextMethod" "initialize" "initialize" "new" "Diagonal" "kronecker" "vparmat" "parmat" "MARSSkfas" "MARSSkf" "MARSSkem" "MARSS" 
"is" ".findMethodInTable" ".quickCoerceSelect" "as" "validityMethod" "anyStrings" "validObject" ".nextMethod" "callNextMethod" "initialize" "initialize" "new" ".diag2tT" "asMethod" "as" "kronecker" "kronecker" "kronecker" "vparmat" "parmat" "MARSSkfas" "MARSSkf" "MARSSkem" "MARSS" 
"file.exists" "packageDescription" "withCallingHandlers" "suppressWarnings" "packageVersion" "MARSSkfas" "MARSSkf" "MARSSkem" "MARSS" 
".nextMethod" "callNextMethod" "initialize" "initialize" "new" "tT2gT" "asMethod" "as" "kronecker" "kronecker" "kronecker" "kronecker" "kronecker" "kronecker" "vparmat" "parmat" "MARSSkem" "MARSS" 
"callNextMethod" "loadMethod" "loadMethod" "initialize" "new" "mat2dgT" "asMethod" "as" "kronecker" "kronecker" "kronecker" "kronecker" "kronecker" "vparmat" "parmat" "MARSSkem" "MARSS" 
"getClassDef" ".nextMethod" "callNextMethod" "initialize" "initialize" "new" "+" "+" "MARSSkem" "MARSS" 
"is" "parmat" "MARSSkem" "MARSS" 
".nextMethod" "callNextMethod" "initialize" "initialize" "new" "-" "-" "-" "eval" "eval" "callGeneric" "-" "-" "MARSSkem" "MARSS" 
"+" "+" "eval" "eval" "callGeneric" "+" "+" "MARSSkem" "MARSS" 
".nextMethod" "callNextMethod" "initialize" "initialize" "new" "Diagonal" "kronecker" "vparmat" "parmat" "MARSSkfas" "MARSSkf" "MARSSkem" "MARSS" 
".getGeneric" "getGeneric" "as" "isTRUE" "validityMethod" "anyStrings" "validObject" ".nextMethod" "callNextMethod" "initialize" "initialize" "new" "tT2gT" "asMethod" "as" "kronecker" "kronecker" "kronecker" "kronecker" "kronecker" "kronecker" "vparmat" "parmat" "MARSSkfas" "MARSSkf" "MARSSkem" "MARSS" 
".Fortran" "KFS" "MARSSkfas" "MARSSkf" "MARSSkem" "MARSS" 
"is" "callNextMethod" "loadMethod" "loadMethod" "initialize" "new" "Diagonal" "kronecker" "vparmat" "parmat" "MARSShatyt" "MARSSkem" "MARSS" 
"callNextMethod" "initialize" "initialize" "new" "mat2dgT" "asMethod" "as" "kronecker" "kronecker" "kronecker" "kronecker" "kronecker" "vparmat" "parmat" "MARSSkem" "MARSS" 
"as" "isTRUE" "validityMethod" "anyStrings" "validObject" ".nextMethod" "callNextMethod" "initialize" "initialize" "new" "newTMat" ".Arith.Csparse" "+" "+" "matrix" "vparmat" "parmat" "MARSSkem" "MARSS" 
"tryCatch" "try" "validObject" ".nextMethod" "callNextMethod" "initialize" "initialize" "new" ".diag2tT" "asMethod" "as" "kronecker" "kronecker" "kronecker" "vparmat" "parmat" "MARSSkem" "MARSS" 
"validityMethod" "anyStrings" "validObject" ".nextMethod" "callNextMethod" "initialize" "initialize" "new" "kronecker" "kronecker" "eval" "eval" "callGeneric" "kronecker" "kronecker" "kronecker" "kronecker" "kronecker" "kronecker" "vparmat" "parmat" "MARSSkem" "MARSS" 
".identC" "possibleExtends" "validObject" ".nextMethod" "callNextMethod" "initialize" "initialize" "new" "+" "+" "+" "eval" "eval" "callGeneric" "+" "+" "MARSSkem" "MARSS" 
".getClassesFromCache" "getClassDef" "validObject" ".nextMethod" "callNextMethod" "initialize" "initialize" "new" "+" "+" "+" "eval" "eval" "callGeneric" "+" "+" "MARSSkem" "MARSS" 
"is" "callNextMethod" "loadMethod" "loadMethod" "initialize" "new" ".diag2tT" "asMethod" "as" "kronecker" "kronecker" "kronecker" "vparmat" "parmat" "MARSSkfas" "MARSSkf" "MARSSkem" "MARSS" 
"is" "validObject" ".nextMethod" "callNextMethod" "initialize" "initialize" "new" "Diagonal" "kronecker" "vparmat" "parmat" "MARSSkfas" "MARSSkf" "MARSSkem" "MARSS" 
".Fortran" "KFS" "MARSSkfas" "MARSSkf" "MARSSkem" "MARSS" 
"tcrossprod" "MARSShatyt" "MARSSkem" "MARSS" 
"getClassDef" "is" ".findMethodInTable" ".quickCoerceSelect" "as" "kronecker" "kronecker" "kronecker" "kronecker" "kronecker" "vparmat" "parmat" "MARSSkfas" "MARSSkf" "MARSS" 
"stopifnot" "non0ind" ".Arith.Csparse" "+" "+" "matrix" "vparmat" "parmat" "MARSSkfas" "MARSSkf" "MARSS" 
"as" "validityMethod" "anyStrings" "validObject" ".nextMethod" "callNextMethod" "initialize" "initialize" "new" "Diagonal" "kronecker" "vparmat" "parmat" "MARSSkfss" "MARSS" 
"sys.call" "callNextMethod" "initialize" "initialize" "new" ".diag2tT" "asMethod" "as" "kronecker" "kronecker" "kronecker" "vparmat" "parmat" "MARSSkfss" "MARSS" 
".requirePackage" ".classEnv" "as" "isTRUE" "validityMethod" "anyStrings" "validObject" ".nextMethod" "callNextMethod" "initialize" "initialize" "new" "mat2dgT" "asMethod" "as" "kronecker" "kronecker" "kronecker" "kronecker" "kronecker" "vparmat" "parmat" "MARSSkfas" "MARSSkf" "MARSShatyt" "MARSS" 
"getClassDef" "is" "extends" "non0.i" "non0ind" ".Arith.Csparse" "+" "+" "matrix" "vparmat" "parmat" "MARSSkfas" "MARSSkf" "MARSShatyt" "MARSS" 
".Fortran" "KFS" "MARSSkfas" "MARSSkf" "MARSShatyt" "MARSS" 
"tryCatchList" "tryCatch" "try" "validObject" ".nextMethod" "callNextMethod" "initialize" "initialize" "new" "tT2gT" "asMethod" "as" "kronecker" "kronecker" "kronecker" "kronecker" "kronecker" "kronecker" "vparmat" "parmat" "MARSShatyt" "MARSS" 
"print.default" "print" "standardGeneric" "print" "print.marssMLE" "print" "standardGeneric" "print" "MARSS" 
